<?xml version="1.0" encoding="UTF-8"?>
<!-- Generated by org.testng.reporters.JUnitReportReporter -->
<testsuite hostname="DESKTOP-1J1J02B" failures="0" tests="1" name="automationtest.Test02" time="14.223" errors="0" timestamp="2024-03-12T07:27:48 IST" skipped="0">
  <testcase classname="automationtest.Test02" name="test" time="14.223"/>
  <system-out/>
</testsuite> <!-- automationtest.Test02 -->
